<?xml version="1.0" encoding="UTF-8"?>
<!-- Generated by org.testng.reporters.JUnitReportReporter -->
<testsuite hostname="ldu-home-1" failures="0" tests="1" name="com.d3security.testcase.PhysicSystemTest" time="118.498" errors="1" timestamp="2023-07-08T15:24:14 PDT" skipped="0">
  <testcase classname="com.d3security.testcase.PhysicSystemTest" name="testPhysicFlow" time="118.498">
    <error message="No reporters were started. Atleast 1 reporter must be started to create tests." type="java.lang.IllegalStateException">
      <![CDATA[java.lang.IllegalStateException: No reporters were started. Atleast 1 reporter must be started to create tests.
at com.aventstack.extentreports.Report.createTest(Report.java:64)
at com.aventstack.extentreports.ExtentReports.createTest(ExtentReports.java:232)
at com.aventstack.extentreports.ExtentReports.createTest(ExtentReports.java:245)
at com.d3security.util.ScreenShooter.logScreenShot(ScreenShooter.java:140)
at com.d3security.util.ScreenShooter.capture(ScreenShooter.java:87)
at com.d3security.util.StepInfo.failTest(StepInfo.java:119)
at com.d3security.util.Verify.verifyTrue(Verify.java:219)
at com.d3security.testcase.PhysicSystemTest.testPhysicFlow(PhysicSystemTest.java:59)
at java.base/jdk.internal.reflect.NativeMethodAccessorImpl.invoke0(Native Method)
at java.base/jdk.internal.reflect.NativeMethodAccessorImpl.invoke(NativeMethodAccessorImpl.java:62)
at java.base/jdk.internal.reflect.DelegatingMethodAccessorImpl.invoke(DelegatingMethodAccessorImpl.java:43)
at java.base/java.lang.reflect.Method.invoke(Method.java:566)
at org.testng.internal.invokers.MethodInvocationHelper.invokeMethod(MethodInvocationHelper.java:139)
at org.testng.internal.invokers.TestInvoker.invokeMethod(TestInvoker.java:664)
at org.testng.internal.invokers.TestInvoker.invokeTestMethod(TestInvoker.java:227)
at org.testng.internal.invokers.MethodRunner.runInSequence(MethodRunner.java:50)
at org.testng.internal.invokers.TestInvoker$MethodInvocationAgent.invoke(TestInvoker.java:957)
at org.testng.internal.invokers.TestInvoker.invokeTestMethods(TestInvoker.java:200)
at org.testng.internal.invokers.TestMethodWorker.invokeTestMethods(TestMethodWorker.java:148)
at org.testng.internal.invokers.TestMethodWorker.run(TestMethodWorker.java:128)
at java.base/java.util.ArrayList.forEach(ArrayList.java:1541)
at org.testng.TestRunner.privateRun(TestRunner.java:848)
at org.testng.TestRunner.run(TestRunner.java:621)
at org.testng.SuiteRunner.runTest(SuiteRunner.java:443)
at org.testng.SuiteRunner$SuiteWorker.run(SuiteRunner.java:481)
at org.testng.internal.thread.ThreadUtil.lambda$execute$0(ThreadUtil.java:58)
at java.base/java.util.concurrent.FutureTask.run(FutureTask.java:264)
at java.base/java.util.concurrent.ThreadPoolExecutor.runWorker(ThreadPoolExecutor.java:1128)
at java.base/java.util.concurrent.ThreadPoolExecutor$Worker.run(ThreadPoolExecutor.java:628)
at java.base/java.lang.Thread.run(Thread.java:834)
]]>
    </error>
    <system-out>
      <![CDATA[[Step #1] [Message]: Open Website URL:https://v2019.d3securityonline.net/V127Physical/VSOC/
[Step #2] [Message]: Sign In
[Step #3] [Message]: Dashboard is displaying
[Step #4] [Message]: Click Add New Icon
[Step #5] [Message]: Select dropdown Incident Report
[Step #6] [Message]: Create IR
[Step #7] [Message]: Add IncidentReport Window is opening
[Step #8] [Message]: Save]]>
    </system-out>
  </testcase> <!-- testPhysicFlow -->
  <system-out>
    <![CDATA[[Step #1] [Message]: Open Website URL:https://v2019.d3securityonline.net/V127Physical/VSOC/
[Step #2] [Message]: Sign In
[Step #3] [Message]: Dashboard is displaying
[Step #4] [Message]: Click Add New Icon
[Step #5] [Message]: Select dropdown Incident Report
[Step #6] [Message]: Create IR
[Step #7] [Message]: Add IncidentReport Window is opening
[Step #8] [Message]: Save]]>
  </system-out>
</testsuite> <!-- com.d3security.testcase.PhysicSystemTest -->
