<?xml version="1.0" encoding="UTF-8"?>
<!-- Generated by org.testng.reporters.JUnitReportReporter -->
<testsuite hostname="vqapc-ldu-1" failures="0" tests="4" name="com.d3security.testcase.PhysicSystemTest" time="2.621" errors="3" timestamp="2023-07-18T11:24:13 PDT" skipped="1">
  <testcase classname="com.d3security.testcase.PhysicSystemTest" name="beforeClass" time="0.015">
    <error type="java.lang.NullPointerException">
      <![CDATA[java.lang.NullPointerException
at java.base/java.util.Objects.requireNonNull(Objects.java:221)
at org.openqa.selenium.interactions.Actions.<init>(Actions.java:65)
at com.d3security.basepage.BaseBrowser.<init>(BaseBrowser.java:80)
at com.d3security.basepage.BasePage.<init>(BasePage.java:46)
at com.d3security.pageobject.page.LoginPage.<init>(LoginPage.java:34)
at com.d3security.basetest.BaseTest.beforeClass(BaseTest.java:98)
at java.base/jdk.internal.reflect.NativeMethodAccessorImpl.invoke0(Native Method)
at java.base/jdk.internal.reflect.NativeMethodAccessorImpl.invoke(NativeMethodAccessorImpl.java:62)
at java.base/jdk.internal.reflect.DelegatingMethodAccessorImpl.invoke(DelegatingMethodAccessorImpl.java:43)
at java.base/java.lang.reflect.Method.invoke(Method.java:566)
at org.testng.internal.invokers.MethodInvocationHelper.invokeMethod(MethodInvocationHelper.java:139)
at org.testng.internal.invokers.MethodInvocationHelper.invokeMethodConsideringTimeout(MethodInvocationHelper.java:69)
at org.testng.internal.invokers.ConfigInvoker.invokeConfigurationMethod(ConfigInvoker.java:390)
at org.testng.internal.invokers.ConfigInvoker.invokeConfigurations(ConfigInvoker.java:325)
at org.testng.internal.invokers.TestMethodWorker.invokeBeforeClassMethods(TestMethodWorker.java:180)
at org.testng.internal.invokers.TestMethodWorker.run(TestMethodWorker.java:122)
at java.base/java.util.ArrayList.forEach(ArrayList.java:1541)
at org.testng.TestRunner.privateRun(TestRunner.java:848)
at org.testng.TestRunner.run(TestRunner.java:621)
at org.testng.SuiteRunner.runTest(SuiteRunner.java:443)
at org.testng.SuiteRunner$SuiteWorker.run(SuiteRunner.java:481)
at org.testng.internal.thread.ThreadUtil.lambda$execute$0(ThreadUtil.java:58)
at java.base/java.util.concurrent.FutureTask.run(FutureTask.java:264)
at java.base/java.util.concurrent.ThreadPoolExecutor.runWorker(ThreadPoolExecutor.java:1128)
at java.base/java.util.concurrent.ThreadPoolExecutor$Worker.run(ThreadPoolExecutor.java:628)
at java.base/java.lang.Thread.run(Thread.java:834)
]]>
    </error>
  </testcase> <!-- beforeClass -->
  <testcase classname="com.d3security.testcase.PhysicSystemTest" name="afterTest" time="0.001">
    <error type="java.lang.NullPointerException">
      <![CDATA[java.lang.NullPointerException
at com.d3security.basetest.BaseDriver.closeBrowser(BaseDriver.java:142)
at com.d3security.basetest.BaseTest.afterTest(BaseTest.java:120)
at java.base/jdk.internal.reflect.NativeMethodAccessorImpl.invoke0(Native Method)
at java.base/jdk.internal.reflect.NativeMethodAccessorImpl.invoke(NativeMethodAccessorImpl.java:62)
at java.base/jdk.internal.reflect.DelegatingMethodAccessorImpl.invoke(DelegatingMethodAccessorImpl.java:43)
at java.base/java.lang.reflect.Method.invoke(Method.java:566)
at org.testng.internal.invokers.MethodInvocationHelper.invokeMethod(MethodInvocationHelper.java:139)
at org.testng.internal.invokers.MethodInvocationHelper.invokeMethodConsideringTimeout(MethodInvocationHelper.java:69)
at org.testng.internal.invokers.ConfigInvoker.invokeConfigurationMethod(ConfigInvoker.java:390)
at org.testng.internal.invokers.ConfigInvoker.invokeConfigurations(ConfigInvoker.java:325)
at org.testng.TestRunner.invokeTestConfigurations(TestRunner.java:663)
at org.testng.TestRunner.afterRun(TestRunner.java:933)
at org.testng.TestRunner.run(TestRunner.java:624)
at org.testng.SuiteRunner.runTest(SuiteRunner.java:443)
at org.testng.SuiteRunner$SuiteWorker.run(SuiteRunner.java:481)
at org.testng.internal.thread.ThreadUtil.lambda$execute$0(ThreadUtil.java:58)
at java.base/java.util.concurrent.FutureTask.run(FutureTask.java:264)
at java.base/java.util.concurrent.ThreadPoolExecutor.runWorker(ThreadPoolExecutor.java:1128)
at java.base/java.util.concurrent.ThreadPoolExecutor$Worker.run(ThreadPoolExecutor.java:628)
at java.base/java.lang.Thread.run(Thread.java:834)
]]>
    </error>
  </testcase> <!-- afterTest -->
  <testcase classname="com.d3security.testcase.PhysicSystemTest" name="beforeTest" time="2.605">
    <error message="session not created: This version of Microsoft Edge WebDriver only supports Microsoft Edge version 105
Current browser version is 114.0.1823.86 with binary path C:\Program Files (x86)\Microsoft\Edge\Application\msedge.exe
Build info: version: &#039;3.141.59&#039;, revision: &#039;e82be7d358&#039;, time: &#039;2018-11-14T08:17:03&#039;
System info: host: &#039;VQAPC-LDU-1&#039;, ip: &#039;192.168.1.201&#039;, os.name: &#039;Windows 11&#039;, os.arch: &#039;amd64&#039;, os.version: &#039;10.0&#039;, java.version: &#039;11.0.18&#039;
Driver info: driver.version: BaseDriver
remote stacktrace: Backtrace:
	Microsoft::Applications::Events::EventProperties::SetProperty [0x00007FF75D922042+17554]
	Microsoft::Applications::Events::EventProperty::EventProperty [0x00007FF75D8BE992+1438578]
	Ordinal0 [0x00007FF75D4E9345+627525]
	Ordinal0 [0x00007FF75D5173D4+816084]
	Ordinal0 [0x00007FF75D5128B3+796851]
	Ordinal0 [0x00007FF75D50D9F0+776688]
	Ordinal0 [0x00007FF75D54969F+1021599]
	Ordinal0 [0x00007FF75D543A43+997955]
	Ordinal0 [0x00007FF75D5194C0+824512]
	Ordinal0 [0x00007FF75D51A9F8+829944]
	Microsoft::Applications::Events::EventProperty::EventProperty [0x00007FF75D7802E8+134344]
	Microsoft::Applications::Events::EventProperty::EventProperty [0x00007FF75D769C15+42485]
	Microsoft::Applications::Events::EventProperty::EventProperty [0x00007FF75D76CCFC+55004]
	Ordinal0 [0x00007FF75D5D4F14+1593108]
	Microsoft::Applications::Events::EventProperty::EventProperty [0x00007FF75D8C40DB+1460923]
	Microsoft::Applications::Events::EventProperty::EventProperty [0x00007FF75D8C80A4+1477252]
	Microsoft::Applications::Events::EventProperty::EventProperty [0x00007FF75D8C81FD+1477597]
	Microsoft::Applications::Events::EventProperty::EventProperty [0x00007FF75D8D01C9+1510313]
	BaseThreadInitThunk [0x00007FFE69EB26AD+29]
	RtlUserThreadStart [0x00007FFE6B02AA68+40]
" type="org.openqa.selenium.SessionNotCreatedException">
      <![CDATA[org.openqa.selenium.SessionNotCreatedException: session not created: This version of Microsoft Edge WebDriver only supports Microsoft Edge version 105
Current browser version is 114.0.1823.86 with binary path C:\Program Files (x86)\Microsoft\Edge\Application\msedge.exe
Build info: version: '3.141.59', revision: 'e82be7d358', time: '2018-11-14T08:17:03'
System info: host: 'VQAPC-LDU-1', ip: '192.168.1.201', os.name: 'Windows 11', os.arch: 'amd64', os.version: '10.0', java.version: '11.0.18'
Driver info: driver.version: BaseDriver
remote stacktrace: Backtrace:
Microsoft::Applications::Events::EventProperties::SetProperty [0x00007FF75D922042+17554]
Microsoft::Applications::Events::EventProperty::EventProperty [0x00007FF75D8BE992+1438578]
Ordinal0 [0x00007FF75D4E9345+627525]
Ordinal0 [0x00007FF75D5173D4+816084]
Ordinal0 [0x00007FF75D5128B3+796851]
Ordinal0 [0x00007FF75D50D9F0+776688]
Ordinal0 [0x00007FF75D54969F+1021599]
Ordinal0 [0x00007FF75D543A43+997955]
Ordinal0 [0x00007FF75D5194C0+824512]
Ordinal0 [0x00007FF75D51A9F8+829944]
Microsoft::Applications::Events::EventProperty::EventProperty [0x00007FF75D7802E8+134344]
Microsoft::Applications::Events::EventProperty::EventProperty [0x00007FF75D769C15+42485]
Microsoft::Applications::Events::EventProperty::EventProperty [0x00007FF75D76CCFC+55004]
Ordinal0 [0x00007FF75D5D4F14+1593108]
Microsoft::Applications::Events::EventProperty::EventProperty [0x00007FF75D8C40DB+1460923]
Microsoft::Applications::Events::EventProperty::EventProperty [0x00007FF75D8C80A4+1477252]
Microsoft::Applications::Events::EventProperty::EventProperty [0x00007FF75D8C81FD+1477597]
Microsoft::Applications::Events::EventProperty::EventProperty [0x00007FF75D8D01C9+1510313]
BaseThreadInitThunk [0x00007FFE69EB26AD+29]
RtlUserThreadStart [0x00007FFE6B02AA68+40]

at java.base/jdk.internal.reflect.NativeConstructorAccessorImpl.newInstance0(Native Method)
at java.base/jdk.internal.reflect.NativeConstructorAccessorImpl.newInstance(NativeConstructorAccessorImpl.java:62)
at java.base/jdk.internal.reflect.DelegatingConstructorAccessorImpl.newInstance(DelegatingConstructorAccessorImpl.java:45)
at java.base/java.lang.reflect.Constructor.newInstance(Constructor.java:490)
at org.openqa.selenium.remote.W3CHandshakeResponse.lambda$errorHandler$0(W3CHandshakeResponse.java:62)
at org.openqa.selenium.remote.HandshakeResponse.lambda$getResponseFunction$0(HandshakeResponse.java:30)
at org.openqa.selenium.remote.ProtocolHandshake.lambda$createSession$0(ProtocolHandshake.java:126)
at java.base/java.util.stream.ReferencePipeline$3$1.accept(ReferencePipeline.java:195)
at java.base/java.util.Spliterators$ArraySpliterator.tryAdvance(Spliterators.java:958)
at java.base/java.util.stream.ReferencePipeline.forEachWithCancel(ReferencePipeline.java:127)
at java.base/java.util.stream.AbstractPipeline.copyIntoWithCancel(AbstractPipeline.java:502)
at java.base/java.util.stream.AbstractPipeline.copyInto(AbstractPipeline.java:488)
at java.base/java.util.stream.AbstractPipeline.wrapAndCopyInto(AbstractPipeline.java:474)
at java.base/java.util.stream.FindOps$FindOp.evaluateSequential(FindOps.java:150)
at java.base/java.util.stream.AbstractPipeline.evaluate(AbstractPipeline.java:234)
at java.base/java.util.stream.ReferencePipeline.findFirst(ReferencePipeline.java:543)
at org.openqa.selenium.remote.ProtocolHandshake.createSession(ProtocolHandshake.java:128)
at org.openqa.selenium.remote.ProtocolHandshake.createSession(ProtocolHandshake.java:74)
at org.openqa.selenium.remote.HttpCommandExecutor.execute(HttpCommandExecutor.java:136)
at org.openqa.selenium.remote.service.DriverCommandExecutor.execute(DriverCommandExecutor.java:83)
at org.openqa.selenium.remote.RemoteWebDriver.execute(RemoteWebDriver.java:552)
at org.openqa.selenium.remote.RemoteWebDriver.startSession(RemoteWebDriver.java:213)
at org.openqa.selenium.remote.RemoteWebDriver.<init>(RemoteWebDriver.java:131)
at org.openqa.selenium.edge.EdgeDriver.<init>(EdgeDriver.java:141)
at org.openqa.selenium.edge.EdgeDriver.<init>(EdgeDriver.java:130)
at com.d3security.basetest.EdgeDriverHandler.startBrowser(EdgeDriverHandler.java:54)
at com.d3security.basetest.OperaDriverHandler.startBrowser(OperaDriverHandler.java:37)
at com.d3security.basetest.FirefoxDriverHandler.startBrowser(FirefoxDriverHandler.java:35)
at com.d3security.basetest.ChromeDriverHandler.startBrowser(ChromeDriverHandler.java:38)
at com.d3security.basetest.HeadHandler.startBrowser(HeadHandler.java:23)
at com.d3security.basetest.DriverHandler.start(DriverHandler.java:35)
at com.d3security.basetest.BaseDriver.startBrowser(BaseDriver.java:98)
at com.d3security.basetest.BaseTest.beforeTest(BaseTest.java:88)
at java.base/jdk.internal.reflect.NativeMethodAccessorImpl.invoke0(Native Method)
at java.base/jdk.internal.reflect.NativeMethodAccessorImpl.invoke(NativeMethodAccessorImpl.java:62)
at java.base/jdk.internal.reflect.DelegatingMethodAccessorImpl.invoke(DelegatingMethodAccessorImpl.java:43)
at java.base/java.lang.reflect.Method.invoke(Method.java:566)
at org.testng.internal.invokers.MethodInvocationHelper.invokeMethod(MethodInvocationHelper.java:139)
at org.testng.internal.invokers.MethodInvocationHelper.invokeMethodConsideringTimeout(MethodInvocationHelper.java:69)
at org.testng.internal.invokers.ConfigInvoker.invokeConfigurationMethod(ConfigInvoker.java:390)
at org.testng.internal.invokers.ConfigInvoker.invokeConfigurations(ConfigInvoker.java:325)
at org.testng.TestRunner.invokeTestConfigurations(TestRunner.java:663)
at org.testng.TestRunner.beforeRun(TestRunner.java:652)
at org.testng.TestRunner.run(TestRunner.java:614)
at org.testng.SuiteRunner.runTest(SuiteRunner.java:443)
at org.testng.SuiteRunner$SuiteWorker.run(SuiteRunner.java:481)
at org.testng.internal.thread.ThreadUtil.lambda$execute$0(ThreadUtil.java:58)
at java.base/java.util.concurrent.FutureTask.run(FutureTask.java:264)
at java.base/java.util.concurrent.ThreadPoolExecutor.runWorker(ThreadPoolExecutor.java:1128)
at java.base/java.util.concurrent.ThreadPoolExecutor$Worker.run(ThreadPoolExecutor.java:628)
at java.base/java.lang.Thread.run(Thread.java:834)
]]>
    </error>
  </testcase> <!-- beforeTest -->
  <testcase classname="com.d3security.testcase.PhysicSystemTest" name="testPhysicAddIR" time="0.000">
    <skipped/>
  </testcase> <!-- testPhysicAddIR -->
</testsuite> <!-- com.d3security.testcase.PhysicSystemTest -->
