<?xml version="1.0" encoding="UTF-8"?>
<!-- Generated by org.testng.reporters.JUnitReportReporter -->
<testsuite hostname="vqapc-ldu-1" failures="0" tests="1" name="com.d3security.testcase.PhysicSystemTest" time="60.161" errors="0" timestamp="2023-07-04T14:52:00 PDT" skipped="0">
  <testcase classname="com.d3security.testcase.PhysicSystemTest" name="testPhysicFlow" time="60.161"/>
</testsuite> <!-- com.d3security.testcase.PhysicSystemTest -->
