<?xml version="1.0" encoding="UTF-8"?>
<!-- Generated by org.testng.reporters.JUnitReportReporter -->
<testsuite hostname="vqapc-ldu-1" failures="0" tests="1" name="com.d3security.testcase.PhysicSystemTest" time="60.829" errors="0" timestamp="2023-07-05T19:54:04 PDT" skipped="0">
  <testcase classname="com.d3security.testcase.PhysicSystemTest" name="testPhysicAddCase" time="60.829"/>
</testsuite> <!-- com.d3security.testcase.PhysicSystemTest -->
