<?xml version="1.0" encoding="UTF-8"?>
<!-- Generated by org.testng.reporters.JUnitReportReporter -->
<testsuite hostname="ldu-home-1" failures="0" tests="1" name="com.d3security.testcase.PhysicSystemTest" time="62.657" errors="0" timestamp="2023-07-03T21:25:02 PDT" skipped="0">
  <testcase classname="com.d3security.testcase.PhysicSystemTest" name="testPhysicFlow" time="62.657"/>
</testsuite> <!-- com.d3security.testcase.PhysicSystemTest -->
