<?xml version="1.0" encoding="UTF-8"?>
<!-- Generated by org.testng.reporters.JUnitReportReporter -->
<testsuite hostname="vqapc-ldu-1" failures="0" tests="1" name="com.d3security.testcase.IncidentReportTest" time="61.175" errors="0" timestamp="2023-07-13T18:24:45 PDT" skipped="0">
  <testcase classname="com.d3security.testcase.IncidentReportTest" name="testPhysicGeneralInformation" time="61.175">
    <system-out>
      <![CDATA[[Step #1] [Message]: Open Website URL:https://v2019.d3securityonline.net/V127Physical/VSOC/
[Step #2] [Message]: Sign In
[Step #3] [Message]: Dashboard is displaying
[Step #4] [Message]: Click Add New Icon
[Step #5] [Message]: Select dropdown Incident Report
[Step #6] [Message]: Create IR
[Step #7] [Message]: Add IncidentReport Window is opening
[Step #8] [Message]: Save
[Step #9] [Passed]: <b>IncidentReport created successfully</b>
[Step #10] [Message]: Get IncidentReport number: 13072023-8
[Step #11] [Message]: Go D3vSOC Window
[Step #12] [Message]: Click Hamburger Menu
[Step #13] [Message]: Click IncidentReports Menu
[Step #14] [Message]: Search IR
[Step #15] [Passed]: <b>IncidentReport number is displayed in Grid</b>]]>
    </system-out>
  </testcase> <!-- testPhysicGeneralInformation -->
  <system-out>
    <![CDATA[[Step #1] [Message]: Open Website URL:https://v2019.d3securityonline.net/V127Physical/VSOC/
[Step #2] [Message]: Sign In
[Step #3] [Message]: Dashboard is displaying
[Step #4] [Message]: Click Add New Icon
[Step #5] [Message]: Select dropdown Incident Report
[Step #6] [Message]: Create IR
[Step #7] [Message]: Add IncidentReport Window is opening
[Step #8] [Message]: Save
[Step #9] [Passed]: <b>IncidentReport created successfully</b>
[Step #10] [Message]: Get IncidentReport number: 13072023-8
[Step #11] [Message]: Go D3vSOC Window
[Step #12] [Message]: Click Hamburger Menu
[Step #13] [Message]: Click IncidentReports Menu
[Step #14] [Message]: Search IR
[Step #15] [Passed]: <b>IncidentReport number is displayed in Grid</b>]]>
  </system-out>
</testsuite> <!-- com.d3security.testcase.IncidentReportTest -->
