<?xml version="1.0" encoding="UTF-8"?>
<!-- Generated by org.testng.reporters.JUnitReportReporter -->
<testsuite hostname="ldu-home-1" failures="0" tests="2" name="com.d3security.testcase.PhysicSystemTest" time="88.813" errors="0" timestamp="2023-07-09T12:15:16 PDT" skipped="0">
  <testcase classname="com.d3security.testcase.PhysicSystemTest" name="testPhysicAddCase" time="34.433">
    <system-out>
      <![CDATA[[Step #1] [Message]: Open Website URL:https://v2019.d3securityonline.net/V127Physical/VSOC/
[Step #2] [Message]: Sign In
[Step #3] [Message]: Dashboard is displaying
[Step #4] [Message]: Click Add New Icon
[Step #5] [Message]: Select dropdown Case Intake
[Step #6] [Message]: Select dropdown _Jers Test Site
[Step #7] [Message]: Get Case number: 07092023-30
[Step #8] [Message]: Search Case
[Step #9] [Passed]: Case number is displayed in Grid]]>
    </system-out>
  </testcase> <!-- testPhysicAddCase -->
  <testcase classname="com.d3security.testcase.PhysicSystemTest" name="testPhysicAddIR" time="54.380">
    <system-out>
      <![CDATA[[Step #1] [Message]: Open Website URL:https://v2019.d3securityonline.net/V127Physical/VSOC/
[Step #2] [Message]: Sign In
[Step #3] [Message]: Dashboard is displaying
[Step #4] [Message]: Click Add New Icon
[Step #5] [Message]: Select dropdown Incident Report
[Step #6] [Message]: Create IR
[Step #7] [Message]: Add IncidentReport Window is opening
[Step #8] [Message]: Save
[Step #9] [Passed]: IncidentReport created successfully
[Step #10] [Message]: Get IncidentReport number: 09072023-3
[Step #11] [Message]: Go D3vSOC Window
[Step #12] [Message]: Click Hamburger Menu
[Step #13] [Message]: Click IncidentReports Menu
[Step #14] [Message]: Search IR
[Step #15] [Passed]: IncidentReport number is displayed in Grid]]>
    </system-out>
  </testcase> <!-- testPhysicAddIR -->
  <system-out>
    <![CDATA[[Step #1] [Message]: Open Website URL:https://v2019.d3securityonline.net/V127Physical/VSOC/
[Step #1] [Message]: Open Website URL:https://v2019.d3securityonline.net/V127Physical/VSOC/
[Step #2] [Message]: Sign In
[Step #2] [Message]: Sign In
[Step #3] [Message]: Dashboard is displaying
[Step #4] [Message]: Click Add New Icon
[Step #3] [Message]: Dashboard is displaying
[Step #4] [Message]: Click Add New Icon
[Step #5] [Message]: Select dropdown Case Intake
[Step #5] [Message]: Select dropdown Incident Report
[Step #6] [Message]: Create IR
[Step #7] [Message]: Add IncidentReport Window is opening
[Step #6] [Message]: Select dropdown _Jers Test Site
[Step #7] [Message]: Get Case number: 07092023-30
[Step #8] [Message]: Search Case
[Step #8] [Message]: Save
[Step #9] [Passed]: Case number is displayed in Grid
[Step #9] [Passed]: IncidentReport created successfully
[Step #10] [Message]: Get IncidentReport number: 09072023-3
[Step #11] [Message]: Go D3vSOC Window
[Step #12] [Message]: Click Hamburger Menu
[Step #13] [Message]: Click IncidentReports Menu
[Step #14] [Message]: Search IR
[Step #15] [Passed]: IncidentReport number is displayed in Grid]]>
  </system-out>
</testsuite> <!-- com.d3security.testcase.PhysicSystemTest -->
