<?xml version="1.0" encoding="UTF-8"?>
<!-- Generated by org.testng.reporters.JUnitReportReporter -->
<testsuite skipped="0" hostname="DESKTOP-I2SFT6S" name="com.holinova.testcase.ErpSystemTest" tests="2" failures="0" timestamp="2022-10-13T19:03:08 PDT" time="16.374" errors="0">
  <testcase name="testERPBusinessFlow" time="2.929" classname="com.holinova.testcase.ErpSystemTest"/>
  <system-out/>
  <testcase name="testERPBusinessFlow" time="13.445" classname="com.holinova.testcase.ErpSystemTest"/>
  <system-out/>
</testsuite> <!-- com.holinova.testcase.ErpSystemTest -->
