<?xml version="1.0" encoding="UTF-8"?>
<!-- Generated by org.testng.reporters.JUnitReportReporter -->
<testsuite hostname="ldu-home-1" failures="0" tests="1" name="com.d3security.testcase.CyberSystemTest" time="15.189" errors="0" timestamp="2023-07-03T21:18:56 PDT" skipped="0">
  <testcase classname="com.d3security.testcase.CyberSystemTest" name="testCyberFlow" time="15.189"/>
</testsuite> <!-- com.d3security.testcase.CyberSystemTest -->
