<?xml version="1.0" encoding="UTF-8"?>
<!-- Generated by org.testng.reporters.JUnitReportReporter -->
<testsuite hostname="vqapc-ldu-1" failures="0" tests="2" name="com.d3security.testcase.PhysicSystemTest" time="107.259" errors="0" timestamp="2023-07-07T16:34:13 PDT" skipped="0">
  <testcase classname="com.d3security.testcase.PhysicSystemTest" name="testPhysicAddCase" time="46.287">
    <system-out>
      <![CDATA[========== Start of Test Method ==========
[INFO] Test Method Passed: testPhysicAddCase]]>
    </system-out>
  </testcase> <!-- testPhysicAddCase -->
  <testcase classname="com.d3security.testcase.PhysicSystemTest" name="testPhysicFlow" time="60.972">
    <system-out>
      <![CDATA[========== Start of Test Method ==========
[INFO] Test Method Passed: testPhysicFlow]]>
    </system-out>
  </testcase> <!-- testPhysicFlow -->
  <system-out>
    <![CDATA[========== Start of Test Method ==========
========== Start of Test Method ==========
[INFO] Test Method Passed: testPhysicAddCase
[INFO] Test Method Passed: testPhysicFlow]]>
  </system-out>
</testsuite> <!-- com.d3security.testcase.PhysicSystemTest -->
