<?xml version="1.0" encoding="UTF-8"?>
<!-- Generated by org.testng.reporters.JUnitReportReporter -->
<testsuite hostname="vqapc-ldu-1" failures="0" tests="1" name="com.d3security.testcase.PhysicSystemTest" time="43.183" errors="0" timestamp="2023-07-14T16:55:18 PDT" skipped="0">
  <testcase classname="com.d3security.testcase.PhysicSystemTest" name="testPhysicAddCase" time="43.183">
    <system-out>
      <![CDATA[[Step #1] [Message]: Open Website URL:https://v2019.d3securityonline.net/V127Physical/VSOC/
[Step #2] [Message]: Sign In
[Step #3] [Message]: Dashboard is displaying
[Step #4] [Message]: Click Add New Icon
[Step #5] [Message]: Select dropdown Case Intake
[Step #6] [Message]: Select dropdown _Jers Test Site
[Step #7] [Message]: Get Case number: 07142023-61
[Step #8] [Message]: Search Case
[Step #9] [Passed]: <b>Case number is displayed in Grid</b>]]>
    </system-out>
  </testcase> <!-- testPhysicAddCase -->
  <system-out>
    <![CDATA[[Step #1] [Message]: Open Website URL:https://v2019.d3securityonline.net/V127Physical/VSOC/
[Step #2] [Message]: Sign In
[Step #3] [Message]: Dashboard is displaying
[Step #4] [Message]: Click Add New Icon
[Step #5] [Message]: Select dropdown Case Intake
[Step #6] [Message]: Select dropdown _Jers Test Site
[Step #7] [Message]: Get Case number: 07142023-61
[Step #8] [Message]: Search Case
[Step #9] [Passed]: <b>Case number is displayed in Grid</b>]]>
  </system-out>
</testsuite> <!-- com.d3security.testcase.PhysicSystemTest -->
