<?xml version="1.0" encoding="UTF-8"?>
<!-- Generated by org.testng.reporters.JUnitReportReporter -->
<testsuite hostname="vqapc-ldu-1" failures="1" tests="2" name="com.d3security.testcase.PhysicSystemTest" time="112.076" errors="0" timestamp="2023-07-19T16:29:52 PDT" skipped="0">
  <testcase classname="com.d3security.testcase.PhysicSystemTest" name="testPhysicAddCase" time="46.501">
    <failure message="[Step #9] [&lt;b&gt;&lt;font color=&quot;red&quot;&gt;Failed&lt;/font&gt;&lt;/b&gt;]: [Step #9] [&lt;b&gt;&lt;font color=&quot;red&quot;&gt;Failed&lt;/font&gt;&lt;/b&gt;]: &lt;b&gt;Case number is displayed in Grid&lt;/b&gt;" type="java.lang.AssertionError">
      <![CDATA[java.lang.AssertionError: [Step #9] [<b><font color="red">Failed</font></b>]: [Step #9] [<b><font color="red">Failed</font></b>]: <b>Case number is displayed in Grid</b>
at org.testng.Assert.fail(Assert.java:111)
at com.d3security.util.StepInfo.failTest(StepInfo.java:123)
at com.d3security.util.Verify.verifyFalse(Verify.java:184)
at com.d3security.testcase.PhysicSystemTest.testPhysicAddCase(PhysicSystemTest.java:100)
at java.base/jdk.internal.reflect.NativeMethodAccessorImpl.invoke0(Native Method)
at java.base/jdk.internal.reflect.NativeMethodAccessorImpl.invoke(NativeMethodAccessorImpl.java:62)
at java.base/jdk.internal.reflect.DelegatingMethodAccessorImpl.invoke(DelegatingMethodAccessorImpl.java:43)
at java.base/java.lang.reflect.Method.invoke(Method.java:566)
at org.testng.internal.invokers.MethodInvocationHelper.invokeMethod(MethodInvocationHelper.java:139)
at org.testng.internal.invokers.TestInvoker.invokeMethod(TestInvoker.java:664)
at org.testng.internal.invokers.TestInvoker.invokeTestMethod(TestInvoker.java:227)
at org.testng.internal.invokers.MethodRunner.runInSequence(MethodRunner.java:50)
at org.testng.internal.invokers.TestInvoker$MethodInvocationAgent.invoke(TestInvoker.java:957)
at org.testng.internal.invokers.TestInvoker.invokeTestMethods(TestInvoker.java:200)
at org.testng.internal.invokers.TestMethodWorker.invokeTestMethods(TestMethodWorker.java:148)
at org.testng.internal.invokers.TestMethodWorker.run(TestMethodWorker.java:128)
at java.base/java.util.ArrayList.forEach(ArrayList.java:1541)
at org.testng.TestRunner.privateRun(TestRunner.java:848)
at org.testng.TestRunner.run(TestRunner.java:621)
at org.testng.SuiteRunner.runTest(SuiteRunner.java:443)
at org.testng.SuiteRunner$SuiteWorker.run(SuiteRunner.java:481)
at org.testng.internal.thread.ThreadUtil.lambda$execute$0(ThreadUtil.java:58)
at java.base/java.util.concurrent.FutureTask.run(FutureTask.java:264)
at java.base/java.util.concurrent.ThreadPoolExecutor.runWorker(ThreadPoolExecutor.java:1128)
at java.base/java.util.concurrent.ThreadPoolExecutor$Worker.run(ThreadPoolExecutor.java:628)
at java.base/java.lang.Thread.run(Thread.java:834)
]]>
    </failure>
    <system-out>
      <![CDATA[[Step #1] [Message]: Open Website URL:https://v2019.d3securityonline.net/V127Physical/VSOC/
[Step #2] [Message]: Sign In
[Step #3] [Message]: Dashboard is displaying
[Step #4] [Message]: Click Add New Icon
[Step #5] [Message]: Select dropdown Case Intake
[Step #6] [Message]: Select dropdown _Jers Test Site
[Step #7] [Message]: Get Case number: 07192023-77
[Step #8] [Message]: Search Case
<br><div style="text-align:left"><a href="C:\Users\ldu\git\d3securityautomation\target\surefire-reports\html\2023071916027NfIVQk.jpg"><img src="C:\Users\ldu\git\d3securityautomation\target\surefire-reports\html\2023071916027NfIVQk.jpg" alt="C:\Users\ldu\git\d3securityautomation\target\surefire-reports\html\2023071916027NfIVQk" height="350"/></a></div>
<br>
[Step #9] [<b><font color="red">Failed</font></b>]: [Step #9] [<b><font color="red">Failed</font></b>]: <b>Case number is displayed in Grid</b>]]>
    </system-out>
  </testcase> <!-- testPhysicAddCase -->
  <testcase classname="com.d3security.testcase.PhysicSystemTest" name="testPhysicAddIR" time="65.575">
    <system-out>
      <![CDATA[[Step #1] [Message]: Open Website URL:https://v2019.d3securityonline.net/V127Physical/VSOC/
[Step #2] [Message]: Sign In
[Step #3] [Message]: Dashboard is displaying
[Step #4] [Message]: Click Add New Icon
[Step #5] [Message]: Select dropdown Incident Report
[Step #6] [Message]: Create IR
[Step #7] [Message]: Add IncidentReport Window is opening
[Step #8] [Message]: Save
[Step #9] [Passed]: <b>IncidentReport created successfully</b>
[Step #10] [Message]: Get IncidentReport number: 19072023-5
[Step #11] [Message]: Go D3vSOC Window
[Step #12] [Message]: Click Hamburger Menu
[Step #13] [Message]: Click More Menu
[Step #14] [Message]: Search IR
[Step #15] [Passed]: <b>IncidentReport number is displayed in Grid</b>]]>
    </system-out>
  </testcase> <!-- testPhysicAddIR -->
  <system-out>
    <![CDATA[[Step #1] [Message]: Open Website URL:https://v2019.d3securityonline.net/V127Physical/VSOC/
[Step #1] [Message]: Open Website URL:https://v2019.d3securityonline.net/V127Physical/VSOC/
[Step #2] [Message]: Sign In
[Step #2] [Message]: Sign In
[Step #3] [Message]: Dashboard is displaying
[Step #4] [Message]: Click Add New Icon
[Step #3] [Message]: Dashboard is displaying
[Step #4] [Message]: Click Add New Icon
[Step #5] [Message]: Select dropdown Incident Report
[Step #5] [Message]: Select dropdown Case Intake
[Step #6] [Message]: Create IR
[Step #7] [Message]: Add IncidentReport Window is opening
[Step #6] [Message]: Select dropdown _Jers Test Site
[Step #8] [Message]: Save
[Step #7] [Message]: Get Case number: 07192023-77
[Step #8] [Message]: Search Case
<br><div style="text-align:left"><a href="C:\Users\ldu\git\d3securityautomation\target\surefire-reports\html\2023071916027NfIVQk.jpg"><img src="C:\Users\ldu\git\d3securityautomation\target\surefire-reports\html\2023071916027NfIVQk.jpg" alt="C:\Users\ldu\git\d3securityautomation\target\surefire-reports\html\2023071916027NfIVQk" height="350"/></a></div>
<br>
[Step #9] [<b><font color="red">Failed</font></b>]: [Step #9] [<b><font color="red">Failed</font></b>]: <b>Case number is displayed in Grid</b>
[Step #9] [Passed]: <b>IncidentReport created successfully</b>
[Step #10] [Message]: Get IncidentReport number: 19072023-5
[Step #11] [Message]: Go D3vSOC Window
[Step #12] [Message]: Click Hamburger Menu
[Step #13] [Message]: Click More Menu
[Step #14] [Message]: Search IR
[Step #15] [Passed]: <b>IncidentReport number is displayed in Grid</b>]]>
  </system-out>
</testsuite> <!-- com.d3security.testcase.PhysicSystemTest -->
