<?xml version="1.0" encoding="UTF-8"?>
<!-- Generated by org.testng.reporters.JUnitReportReporter -->
<testsuite hostname="ldu-home-1" failures="0" tests="1" name="com.d3security.testcase.PhysicSystemTest" time="54.042" errors="0" timestamp="2023-07-09T17:55:09 PDT" skipped="0">
  <testcase classname="com.d3security.testcase.PhysicSystemTest" name="testPhysicAddIR" time="54.042">
    <system-out>
      <![CDATA[[Step #1] [Message]:<b> Open Website URL:https://v2019.d3securityonline.net/V127Physical/VSOC/</b>
[Step #2] [Message]:<b> Sign In</b>
[Step #3] [Message]:<b> Dashboard is displaying</b>
[Step #4] [Message]:<b> Click Add New Icon</b>
[Step #5] [Message]:<b> Select dropdown Incident Report</b>
[Step #6] [Message]:<b> Create IR</b>
[Step #7] [Message]:<b> Add IncidentReport Window is opening</b>
[Step #8] [Message]:<b> Save</b>
[Step #9] [Passed]: IncidentReport created successfully
[Step #10] [Message]:<b> Get IncidentReport number: 09072023-8</b>
[Step #11] [Message]:<b> Go D3vSOC Window</b>
[Step #12] [Message]:<b> Click Hamburger Menu</b>
[Step #13] [Message]:<b> Click IncidentReports Menu</b>
[Step #14] [Message]:<b> Search IR</b>
[Step #15] [Passed]: IncidentReport number is displayed in Grid]]>
    </system-out>
  </testcase> <!-- testPhysicAddIR -->
  <system-out>
    <![CDATA[[Step #1] [Message]:<b> Open Website URL:https://v2019.d3securityonline.net/V127Physical/VSOC/</b>
[Step #2] [Message]:<b> Sign In</b>
[Step #3] [Message]:<b> Dashboard is displaying</b>
[Step #4] [Message]:<b> Click Add New Icon</b>
[Step #5] [Message]:<b> Select dropdown Incident Report</b>
[Step #6] [Message]:<b> Create IR</b>
[Step #7] [Message]:<b> Add IncidentReport Window is opening</b>
[Step #8] [Message]:<b> Save</b>
[Step #9] [Passed]: IncidentReport created successfully
[Step #10] [Message]:<b> Get IncidentReport number: 09072023-8</b>
[Step #11] [Message]:<b> Go D3vSOC Window</b>
[Step #12] [Message]:<b> Click Hamburger Menu</b>
[Step #13] [Message]:<b> Click IncidentReports Menu</b>
[Step #14] [Message]:<b> Search IR</b>
[Step #15] [Passed]: IncidentReport number is displayed in Grid]]>
  </system-out>
</testsuite> <!-- com.d3security.testcase.PhysicSystemTest -->
